<?xml version="1.0" encoding="UTF-8"?>
<testsuite xmlns:xsi="http://www.w3.org/2001/XMLSchema-instance" xsi:noNamespaceSchemaLocation="https://maven.apache.org/surefire/maven-surefire-plugin/xsd/surefire-test-report-3.0.xsd" version="3.0" name="top.lejings.shopcommon.ShopCommonApplicationTests" time="0.187" tests="1" errors="1" skipped="0" failures="0">
  <properties>
    <property name="java.specification.version" value="17"/>
    <property name="sun.cpu.isalist" value="amd64"/>
    <property name="sun.jnu.encoding" value="GBK"/>
    <property name="java.class.path" value="C:\Users\LeJingS\Desktop\gitea\25_6_shixun\server\shop\shop-common\target\test-classes;C:\Users\LeJingS\Desktop\gitea\25_6_shixun\server\shop\shop-common\target\classes;C:\Users\LeJingS\.m2\repository\org\springframework\boot\spring-boot-starter\3.4.6\spring-boot-starter-3.4.6.jar;C:\Users\LeJingS\.m2\repository\org\springframework\boot\spring-boot\3.4.6\spring-boot-3.4.6.jar;C:\Users\LeJingS\.m2\repository\org\springframework\spring-context\6.2.7\spring-context-6.2.7.jar;C:\Users\LeJingS\.m2\repository\org\springframework\spring-aop\6.2.7\spring-aop-6.2.7.jar;C:\Users\LeJingS\.m2\repository\org\springframework\spring-beans\6.2.7\spring-beans-6.2.7.jar;C:\Users\LeJingS\.m2\repository\org\springframework\spring-expression\6.2.7\spring-expression-6.2.7.jar;C:\Users\LeJingS\.m2\repository\io\micrometer\micrometer-observation\1.14.7\micrometer-observation-1.14.7.jar;C:\Users\LeJingS\.m2\repository\io\micrometer\micrometer-commons\1.14.7\micrometer-commons-1.14.7.jar;C:\Users\LeJingS\.m2\repository\org\springframework\boot\spring-boot-autoconfigure\3.4.6\spring-boot-autoconfigure-3.4.6.jar;C:\Users\LeJingS\.m2\repository\org\springframework\boot\spring-boot-starter-logging\3.4.6\spring-boot-starter-logging-3.4.6.jar;C:\Users\LeJingS\.m2\repository\ch\qos\logback\logback-classic\1.5.18\logback-classic-1.5.18.jar;C:\Users\LeJingS\.m2\repository\ch\qos\logback\logback-core\1.5.18\logback-core-1.5.18.jar;C:\Users\LeJingS\.m2\repository\org\apache\logging\log4j\log4j-to-slf4j\2.24.3\log4j-to-slf4j-2.24.3.jar;C:\Users\LeJingS\.m2\repository\org\apache\logging\log4j\log4j-api\2.24.3\log4j-api-2.24.3.jar;C:\Users\LeJingS\.m2\repository\org\slf4j\jul-to-slf4j\2.0.17\jul-to-slf4j-2.0.17.jar;C:\Users\LeJingS\.m2\repository\jakarta\annotation\jakarta.annotation-api\2.1.1\jakarta.annotation-api-2.1.1.jar;C:\Users\LeJingS\.m2\repository\org\springframework\spring-core\6.2.7\spring-core-6.2.7.jar;C:\Users\LeJingS\.m2\repository\org\springframework\spring-jcl\6.2.7\spring-jcl-6.2.7.jar;C:\Users\LeJingS\.m2\repository\org\yaml\snakeyaml\2.3\snakeyaml-2.3.jar;C:\Users\LeJingS\.m2\repository\org\projectlombok\lombok\1.18.38\lombok-1.18.38.jar;C:\Users\LeJingS\.m2\repository\org\springframework\boot\spring-boot-starter-test\3.4.6\spring-boot-starter-test-3.4.6.jar;C:\Users\LeJingS\.m2\repository\org\springframework\boot\spring-boot-test\3.4.6\spring-boot-test-3.4.6.jar;C:\Users\LeJingS\.m2\repository\org\springframework\boot\spring-boot-test-autoconfigure\3.4.6\spring-boot-test-autoconfigure-3.4.6.jar;C:\Users\LeJingS\.m2\repository\com\jayway\jsonpath\json-path\2.9.0\json-path-2.9.0.jar;C:\Users\LeJingS\.m2\repository\org\slf4j\slf4j-api\2.0.11\slf4j-api-2.0.11.jar;C:\Users\LeJingS\.m2\repository\jakarta\xml\bind\jakarta.xml.bind-api\4.0.2\jakarta.xml.bind-api-4.0.2.jar;C:\Users\LeJingS\.m2\repository\jakarta\activation\jakarta.activation-api\2.1.3\jakarta.activation-api-2.1.3.jar;C:\Users\LeJingS\.m2\repository\net\minidev\json-smart\2.5.2\json-smart-2.5.2.jar;C:\Users\LeJingS\.m2\repository\net\minidev\accessors-smart\2.5.2\accessors-smart-2.5.2.jar;C:\Users\LeJingS\.m2\repository\org\ow2\asm\asm\9.7.1\asm-9.7.1.jar;C:\Users\LeJingS\.m2\repository\org\assertj\assertj-core\3.26.3\assertj-core-3.26.3.jar;C:\Users\LeJingS\.m2\repository\net\bytebuddy\byte-buddy\1.14.18\byte-buddy-1.14.18.jar;C:\Users\LeJingS\.m2\repository\org\awaitility\awaitility\4.2.2\awaitility-4.2.2.jar;C:\Users\LeJingS\.m2\repository\org\hamcrest\hamcrest\2.2\hamcrest-2.2.jar;C:\Users\LeJingS\.m2\repository\org\junit\jupiter\junit-jupiter\5.11.4\junit-jupiter-5.11.4.jar;C:\Users\LeJingS\.m2\repository\org\junit\jupiter\junit-jupiter-api\5.11.4\junit-jupiter-api-5.11.4.jar;C:\Users\LeJingS\.m2\repository\org\opentest4j\opentest4j\1.3.0\opentest4j-1.3.0.jar;C:\Users\LeJingS\.m2\repository\org\junit\platform\junit-platform-commons\1.11.4\junit-platform-commons-1.11.4.jar;C:\Users\LeJingS\.m2\repository\org\apiguardian\apiguardian-api\1.1.2\apiguardian-api-1.1.2.jar;C:\Users\LeJingS\.m2\repository\org\junit\jupiter\junit-jupiter-params\5.11.4\junit-jupiter-params-5.11.4.jar;C:\Users\LeJingS\.m2\repository\org\junit\jupiter\junit-jupiter-engine\5.11.4\junit-jupiter-engine-5.11.4.jar;C:\Users\LeJingS\.m2\repository\org\junit\platform\junit-platform-engine\1.11.4\junit-platform-engine-1.11.4.jar;C:\Users\LeJingS\.m2\repository\org\mockito\mockito-core\5.14.2\mockito-core-5.14.2.jar;C:\Users\LeJingS\.m2\repository\net\bytebuddy\byte-buddy-agent\1.15.4\byte-buddy-agent-1.15.4.jar;C:\Users\LeJingS\.m2\repository\org\objenesis\objenesis\3.3\objenesis-3.3.jar;C:\Users\LeJingS\.m2\repository\org\mockito\mockito-junit-jupiter\5.14.2\mockito-junit-jupiter-5.14.2.jar;C:\Users\LeJingS\.m2\repository\org\skyscreamer\jsonassert\1.5.3\jsonassert-1.5.3.jar;C:\Users\LeJingS\.m2\repository\com\vaadin\external\google\android-json\0.0.20131108.vaadin1\android-json-0.0.20131108.vaadin1.jar;C:\Users\LeJingS\.m2\repository\org\springframework\spring-test\6.2.7\spring-test-6.2.7.jar;C:\Users\LeJingS\.m2\repository\org\xmlunit\xmlunit-core\2.10.1\xmlunit-core-2.10.1.jar;"/>
    <property name="java.vm.vendor" value="Amazon.com Inc."/>
    <property name="sun.arch.data.model" value="64"/>
    <property name="user.variant" value=""/>
    <property name="java.vendor.url" value="https://aws.amazon.com/corretto/"/>
    <property name="user.timezone" value="Asia/Shanghai"/>
    <property name="os.name" value="Windows 11"/>
    <property name="java.vm.specification.version" value="17"/>
    <property name="sun.java.launcher" value="SUN_STANDARD"/>
    <property name="user.country" value="CN"/>
    <property name="sun.boot.library.path" value="E:\java\jdk\jdk17\bin"/>
    <property name="sun.java.command" value="C:\Users\LeJingS\AppData\Local\Temp\surefire1571091602570597901\surefirebooter-20250607135759645_3.jar C:\Users\LeJingS\AppData\Local\Temp\surefire1571091602570597901 2025-06-07T13-57-59_462-jvmRun1 surefire-20250607135759645_1tmp surefire_0-20250607135759645_2tmp"/>
    <property name="jdk.debug" value="release"/>
    <property name="surefire.test.class.path" value="C:\Users\LeJingS\Desktop\gitea\25_6_shixun\server\shop\shop-common\target\test-classes;C:\Users\LeJingS\Desktop\gitea\25_6_shixun\server\shop\shop-common\target\classes;C:\Users\LeJingS\.m2\repository\org\springframework\boot\spring-boot-starter\3.4.6\spring-boot-starter-3.4.6.jar;C:\Users\LeJingS\.m2\repository\org\springframework\boot\spring-boot\3.4.6\spring-boot-3.4.6.jar;C:\Users\LeJingS\.m2\repository\org\springframework\spring-context\6.2.7\spring-context-6.2.7.jar;C:\Users\LeJingS\.m2\repository\org\springframework\spring-aop\6.2.7\spring-aop-6.2.7.jar;C:\Users\LeJingS\.m2\repository\org\springframework\spring-beans\6.2.7\spring-beans-6.2.7.jar;C:\Users\LeJingS\.m2\repository\org\springframework\spring-expression\6.2.7\spring-expression-6.2.7.jar;C:\Users\LeJingS\.m2\repository\io\micrometer\micrometer-observation\1.14.7\micrometer-observation-1.14.7.jar;C:\Users\LeJingS\.m2\repository\io\micrometer\micrometer-commons\1.14.7\micrometer-commons-1.14.7.jar;C:\Users\LeJingS\.m2\repository\org\springframework\boot\spring-boot-autoconfigure\3.4.6\spring-boot-autoconfigure-3.4.6.jar;C:\Users\LeJingS\.m2\repository\org\springframework\boot\spring-boot-starter-logging\3.4.6\spring-boot-starter-logging-3.4.6.jar;C:\Users\LeJingS\.m2\repository\ch\qos\logback\logback-classic\1.5.18\logback-classic-1.5.18.jar;C:\Users\LeJingS\.m2\repository\ch\qos\logback\logback-core\1.5.18\logback-core-1.5.18.jar;C:\Users\LeJingS\.m2\repository\org\apache\logging\log4j\log4j-to-slf4j\2.24.3\log4j-to-slf4j-2.24.3.jar;C:\Users\LeJingS\.m2\repository\org\apache\logging\log4j\log4j-api\2.24.3\log4j-api-2.24.3.jar;C:\Users\LeJingS\.m2\repository\org\slf4j\jul-to-slf4j\2.0.17\jul-to-slf4j-2.0.17.jar;C:\Users\LeJingS\.m2\repository\jakarta\annotation\jakarta.annotation-api\2.1.1\jakarta.annotation-api-2.1.1.jar;C:\Users\LeJingS\.m2\repository\org\springframework\spring-core\6.2.7\spring-core-6.2.7.jar;C:\Users\LeJingS\.m2\repository\org\springframework\spring-jcl\6.2.7\spring-jcl-6.2.7.jar;C:\Users\LeJingS\.m2\repository\org\yaml\snakeyaml\2.3\snakeyaml-2.3.jar;C:\Users\LeJingS\.m2\repository\org\projectlombok\lombok\1.18.38\lombok-1.18.38.jar;C:\Users\LeJingS\.m2\repository\org\springframework\boot\spring-boot-starter-test\3.4.6\spring-boot-starter-test-3.4.6.jar;C:\Users\LeJingS\.m2\repository\org\springframework\boot\spring-boot-test\3.4.6\spring-boot-test-3.4.6.jar;C:\Users\LeJingS\.m2\repository\org\springframework\boot\spring-boot-test-autoconfigure\3.4.6\spring-boot-test-autoconfigure-3.4.6.jar;C:\Users\LeJingS\.m2\repository\com\jayway\jsonpath\json-path\2.9.0\json-path-2.9.0.jar;C:\Users\LeJingS\.m2\repository\org\slf4j\slf4j-api\2.0.11\slf4j-api-2.0.11.jar;C:\Users\LeJingS\.m2\repository\jakarta\xml\bind\jakarta.xml.bind-api\4.0.2\jakarta.xml.bind-api-4.0.2.jar;C:\Users\LeJingS\.m2\repository\jakarta\activation\jakarta.activation-api\2.1.3\jakarta.activation-api-2.1.3.jar;C:\Users\LeJingS\.m2\repository\net\minidev\json-smart\2.5.2\json-smart-2.5.2.jar;C:\Users\LeJingS\.m2\repository\net\minidev\accessors-smart\2.5.2\accessors-smart-2.5.2.jar;C:\Users\LeJingS\.m2\repository\org\ow2\asm\asm\9.7.1\asm-9.7.1.jar;C:\Users\LeJingS\.m2\repository\org\assertj\assertj-core\3.26.3\assertj-core-3.26.3.jar;C:\Users\LeJingS\.m2\repository\net\bytebuddy\byte-buddy\1.14.18\byte-buddy-1.14.18.jar;C:\Users\LeJingS\.m2\repository\org\awaitility\awaitility\4.2.2\awaitility-4.2.2.jar;C:\Users\LeJingS\.m2\repository\org\hamcrest\hamcrest\2.2\hamcrest-2.2.jar;C:\Users\LeJingS\.m2\repository\org\junit\jupiter\junit-jupiter\5.11.4\junit-jupiter-5.11.4.jar;C:\Users\LeJingS\.m2\repository\org\junit\jupiter\junit-jupiter-api\5.11.4\junit-jupiter-api-5.11.4.jar;C:\Users\LeJingS\.m2\repository\org\opentest4j\opentest4j\1.3.0\opentest4j-1.3.0.jar;C:\Users\LeJingS\.m2\repository\org\junit\platform\junit-platform-commons\1.11.4\junit-platform-commons-1.11.4.jar;C:\Users\LeJingS\.m2\repository\org\apiguardian\apiguardian-api\1.1.2\apiguardian-api-1.1.2.jar;C:\Users\LeJingS\.m2\repository\org\junit\jupiter\junit-jupiter-params\5.11.4\junit-jupiter-params-5.11.4.jar;C:\Users\LeJingS\.m2\repository\org\junit\jupiter\junit-jupiter-engine\5.11.4\junit-jupiter-engine-5.11.4.jar;C:\Users\LeJingS\.m2\repository\org\junit\platform\junit-platform-engine\1.11.4\junit-platform-engine-1.11.4.jar;C:\Users\LeJingS\.m2\repository\org\mockito\mockito-core\5.14.2\mockito-core-5.14.2.jar;C:\Users\LeJingS\.m2\repository\net\bytebuddy\byte-buddy-agent\1.15.4\byte-buddy-agent-1.15.4.jar;C:\Users\LeJingS\.m2\repository\org\objenesis\objenesis\3.3\objenesis-3.3.jar;C:\Users\LeJingS\.m2\repository\org\mockito\mockito-junit-jupiter\5.14.2\mockito-junit-jupiter-5.14.2.jar;C:\Users\LeJingS\.m2\repository\org\skyscreamer\jsonassert\1.5.3\jsonassert-1.5.3.jar;C:\Users\LeJingS\.m2\repository\com\vaadin\external\google\android-json\0.0.20131108.vaadin1\android-json-0.0.20131108.vaadin1.jar;C:\Users\LeJingS\.m2\repository\org\springframework\spring-test\6.2.7\spring-test-6.2.7.jar;C:\Users\LeJingS\.m2\repository\org\xmlunit\xmlunit-core\2.10.1\xmlunit-core-2.10.1.jar;"/>
    <property name="sun.cpu.endian" value="little"/>
    <property name="user.home" value="C:\Users\LeJingS"/>
    <property name="user.language" value="zh"/>
    <property name="java.specification.vendor" value="Oracle Corporation"/>
    <property name="java.version.date" value="2025-01-21"/>
    <property name="java.home" value="E:\java\jdk\jdk17"/>
    <property name="file.separator" value="\"/>
    <property name="basedir" value="C:\Users\LeJingS\Desktop\gitea\25_6_shixun\server\shop\shop-common"/>
    <property name="java.vm.compressedOopsMode" value="Zero based"/>
    <property name="line.separator" value="&#10;"/>
    <property name="java.vm.specification.vendor" value="Oracle Corporation"/>
    <property name="java.specification.name" value="Java Platform API Specification"/>
    <property name="surefire.real.class.path" value="C:\Users\LeJingS\AppData\Local\Temp\surefire1571091602570597901\surefirebooter-20250607135759645_3.jar"/>
    <property name="user.script" value=""/>
    <property name="sun.management.compiler" value="HotSpot 64-Bit Tiered Compilers"/>
    <property name="java.runtime.version" value="17.0.14+7-LTS"/>
    <property name="user.name" value="LeJingS"/>
    <property name="path.separator" value=";"/>
    <property name="os.version" value="10.0"/>
    <property name="java.runtime.name" value="OpenJDK Runtime Environment"/>
    <property name="file.encoding" value="GBK"/>
    <property name="java.vm.name" value="OpenJDK 64-Bit Server VM"/>
    <property name="java.vendor.version" value="Corretto-17.0.14.7.1"/>
    <property name="localRepository" value="C:\Users\LeJingS\.m2\repository"/>
    <property name="java.vendor.url.bug" value="https://github.com/corretto/corretto-17/issues/"/>
    <property name="java.io.tmpdir" value="C:\Users\LeJingS\AppData\Local\Temp\"/>
    <property name="idea.version" value="2024.3.2.2"/>
    <property name="java.version" value="17.0.14"/>
    <property name="user.dir" value="C:\Users\LeJingS\Desktop\gitea\25_6_shixun\server\shop\shop-common"/>
    <property name="os.arch" value="amd64"/>
    <property name="java.vm.specification.name" value="Java Virtual Machine Specification"/>
    <property name="sun.os.patch.level" value=""/>
    <property name="native.encoding" value="GBK"/>
    <property name="java.library.path" value="E:\java\jdk\jdk17\bin;C:\WINDOWS\Sun\Java\bin;C:\WINDOWS\system32;C:\WINDOWS;C:\Program Files\Common Files\Oracle\Java\javapath;E:\python\Python\Scripts\;E:\python\Python\;E:\VM\bin\;C:\WINDOWS\system32;C:\WINDOWS;C:\WINDOWS\System32\Wbem;C:\WINDOWS\System32\WindowsPowerShell\v1.0\;C:\WINDOWS\System32\OpenSSH\;E:\compiler_ide\微信web开发者工具\dll;C:\Pro;ram Files\NVIDIA Corporation\NVIDIA app\NvDLISR;E:\tools\Git\cmd;E:\font\node.js\;C:\Program Files\Microsoft SQL Server\150\Tools\Binn\;E:\Windows Kits\10\Windows Performance Toolkit\;C:\Program Files\Docker\Docker\resources\bin;C:\Program Files (x86)\dotnet\;C:\Program Files\dotnet\;C:\Users\LeJingS\AppData\Local\Microsoft\WindowsApps;E:\compiler_ide\Microsoft VS Code\bin;E:\compiler_ide\IntelliJ IDEA 2024.2.5\bin;;E:\compiler_ide\PyCharm 2024.2.5\bin;;E:\SQL\DataGrip 2024.3.4\bin;;C:\Users\LeJingS\AppData\Local\GitHubDesktop\bin;E:\compiler_ide\DevEco Studio\bin;;C:\Users\LeJingS\AppData\Roaming\npm;C:\Users\LeJingS\.dotnet\tools;D:\cpolar\;."/>
    <property name="java.vm.info" value="mixed mode, sharing"/>
    <property name="java.vendor" value="Amazon.com Inc."/>
    <property name="java.vm.version" value="17.0.14+7-LTS"/>
    <property name="java.specification.maintenance.version" value="1"/>
    <property name="sun.io.unicode.encoding" value="UnicodeLittle"/>
    <property name="java.class.version" value="61.0"/>
  </properties>
  <testcase name="" classname="top.lejings.shopcommon.ShopCommonApplicationTests" time="0.187">
    <error message="Unable to find a @SpringBootConfiguration by searching packages upwards from the test. You can use @ContextConfiguration, @SpringBootTest(classes=...) or other Spring Test supported mechanisms to explicitly declare the configuration classes to load. Classes annotated with @TestConfiguration are not considered." type="java.lang.IllegalStateException"><![CDATA[java.lang.IllegalStateException: Unable to find a @SpringBootConfiguration by searching packages upwards from the test. You can use @ContextConfiguration, @SpringBootTest(classes=...) or other Spring Test supported mechanisms to explicitly declare the configuration classes to load. Classes annotated with @TestConfiguration are not considered.
	at org.springframework.util.Assert.state(Assert.java:79)
	at org.springframework.boot.test.context.SpringBootTestContextBootstrapper.findConfigurationClass(SpringBootTestContextBootstrapper.java:246)
	at org.springframework.boot.test.context.SpringBootTestContextBootstrapper.getOrFindConfigurationClasses(SpringBootTestContextBootstrapper.java:233)
	at org.springframework.boot.test.context.SpringBootTestContextBootstrapper.processMergedContextConfiguration(SpringBootTestContextBootstrapper.java:150)
	at org.springframework.test.context.support.AbstractTestContextBootstrapper.buildMergedContextConfiguration(AbstractTestContextBootstrapper.java:351)
	at org.springframework.test.context.support.AbstractTestContextBootstrapper.buildDefaultMergedContextConfiguration(AbstractTestContextBootstrapper.java:267)
	at org.springframework.test.context.support.AbstractTestContextBootstrapper.buildMergedContextConfiguration(AbstractTestContextBootstrapper.java:215)
	at org.springframework.test.context.support.AbstractTestContextBootstrapper.buildTestContext(AbstractTestContextBootstrapper.java:108)
	at org.springframework.boot.test.context.SpringBootTestContextBootstrapper.buildTestContext(SpringBootTestContextBootstrapper.java:111)
	at org.springframework.test.context.TestContextManager.<init>(TestContextManager.java:142)
	at org.springframework.test.context.TestContextManager.<init>(TestContextManager.java:126)
	at org.springframework.test.context.junit.jupiter.SpringExtension.getTestContextManager(SpringExtension.java:362)
	at org.springframework.test.context.junit.jupiter.SpringExtension.beforeAll(SpringExtension.java:128)
	at java.base/java.util.ArrayList.forEach(ArrayList.java:1511)
]]></error>
    <system-out><![CDATA[13:58:00.254 [main] INFO org.springframework.test.context.support.AnnotationConfigContextLoaderUtils -- Could not detect default configuration classes for test class [top.lejings.shopcommon.ShopCommonApplicationTests]: ShopCommonApplicationTests does not declare any static, non-private, non-final, nested classes annotated with @Configuration.
]]></system-out>
  </testcase>
</testsuite>